<?xml version="1.0" encoding="UTF-8"?>
<testsuite xmlns:xsi="http://www.w3.org/2001/XMLSchema-instance" xsi:schemaLocation="https://maven.apache.org/surefire/maven-surefire-plugin/xsd/surefire-test-report.xsd" name="TestSuite" time="13.459" tests="50" errors="0" skipped="0" failures="0">
  <properties>
    <property name="java.runtime.name" value="Java(TM) SE Runtime Environment"/>
    <property name="sun.boot.library.path" value="/opt/tools/java/jdk1.8.0_65/jre/lib/amd64"/>
    <property name="java.vm.version" value="25.65-b01"/>
    <property name="java.vm.vendor" value="Oracle Corporation"/>
    <property name="java.vendor.url" value="http://java.oracle.com/"/>
    <property name="path.separator" value=":"/>
    <property name="guice.disable.misplaced.annotation.check" value="true"/>
    <property name="java.vm.name" value="Java HotSpot(TM) 64-Bit Server VM"/>
    <property name="file.encoding.pkg" value="sun.io"/>
    <property name="user.country" value="IN"/>
    <property name="sun.java.launcher" value="SUN_STANDARD"/>
    <property name="sun.os.patch.level" value="unknown"/>
    <property name="java.vm.specification.name" value="Java Virtual Machine Specification"/>
    <property name="user.dir" value="/home/vavasthi/work/git/stm/sanjnan-server"/>
    <property name="java.runtime.version" value="1.8.0_65-b17"/>
    <property name="java.awt.graphicsenv" value="sun.awt.X11GraphicsEnvironment"/>
    <property name="java.endorsed.dirs" value="/opt/tools/java/jdk1.8.0_65/jre/lib/endorsed"/>
    <property name="os.arch" value="amd64"/>
    <property name="java.io.tmpdir" value="/tmp"/>
    <property name="line.separator" value="&#10;"/>
    <property name="java.vm.specification.vendor" value="Oracle Corporation"/>
    <property name="os.name" value="Linux"/>
    <property name="classworlds.conf" value="/usr/share/maven3/bin/m2.conf"/>
    <property name="sun.jnu.encoding" value="UTF-8"/>
    <property name="java.library.path" value="/home/vavasthi/gnu/lib:/opt/tools/java/latest/lib::/usr/java/packages/lib/amd64:/usr/lib64:/lib64:/lib:/usr/lib"/>
    <property name="java.specification.name" value="Java Platform API Specification"/>
    <property name="java.class.version" value="52.0"/>
    <property name="sun.management.compiler" value="HotSpot 64-Bit Tiered Compilers"/>
    <property name="os.version" value="3.13.0-24-generic"/>
    <property name="user.home" value="/home/vavasthi"/>
    <property name="user.timezone" value="Asia/Kolkata"/>
    <property name="java.awt.printerjob" value="sun.print.PSPrinterJob"/>
    <property name="file.encoding" value="UTF-8"/>
    <property name="java.specification.version" value="1.8"/>
    <property name="user.name" value="vavasthi"/>
    <property name="java.class.path" value="/usr/share/maven3/boot/plexus-classworlds-2.5.1.jar"/>
    <property name="org.slf4j.simpleLogger.defaultLogLevel" value="info"/>
    <property name="java.vm.specification.version" value="1.8"/>
    <property name="sun.arch.data.model" value="64"/>
    <property name="java.home" value="/opt/tools/java/jdk1.8.0_65/jre"/>
    <property name="sun.java.command" value="org.codehaus.plexus.classworlds.launcher.Launcher clean package"/>
    <property name="java.specification.vendor" value="Oracle Corporation"/>
    <property name="user.language" value="en"/>
    <property name="awt.toolkit" value="sun.awt.X11.XToolkit"/>
    <property name="java.vm.info" value="mixed mode"/>
    <property name="java.version" value="1.8.0_65"/>
    <property name="java.ext.dirs" value="/opt/tools/java/jdk1.8.0_65/jre/lib/ext:/usr/java/packages/lib/ext"/>
    <property name="securerandom.source" value="file:/dev/./urandom"/>
    <property name="sun.boot.class.path" value="/opt/tools/java/jdk1.8.0_65/jre/lib/resources.jar:/opt/tools/java/jdk1.8.0_65/jre/lib/rt.jar:/opt/tools/java/jdk1.8.0_65/jre/lib/sunrsasign.jar:/opt/tools/java/jdk1.8.0_65/jre/lib/jsse.jar:/opt/tools/java/jdk1.8.0_65/jre/lib/jce.jar:/opt/tools/java/jdk1.8.0_65/jre/lib/charsets.jar:/opt/tools/java/jdk1.8.0_65/jre/lib/jfr.jar:/opt/tools/java/jdk1.8.0_65/jre/classes"/>
    <property name="java.vendor" value="Oracle Corporation"/>
    <property name="maven.home" value="/usr/share/maven3"/>
    <property name="file.separator" value="/"/>
    <property name="java.vendor.url.bug" value="http://bugreport.sun.com/bugreport/"/>
    <property name="sun.cpu.endian" value="little"/>
    <property name="sun.io.unicode.encoding" value="UnicodeLittle"/>
    <property name="sun.desktop" value="gnome"/>
    <property name="sun.cpu.isalist" value=""/>
  </properties>
  <testcase name="testEncryption" classname="com.sanjnan.server.test.TestEncryption" time="3.793"/>
  <testcase name="testEncryption" classname="com.sanjnan.server.test.TestEncryption" time="0.125"/>
  <testcase name="testEncryption" classname="com.sanjnan.server.test.TestEncryption" time="0.128"/>
  <testcase name="testEncryption" classname="com.sanjnan.server.test.TestEncryption" time="0.127"/>
  <testcase name="testEncryption" classname="com.sanjnan.server.test.TestEncryption" time="0.127"/>
  <testcase name="testEncryption" classname="com.sanjnan.server.test.TestEncryption" time="0.127"/>
  <testcase name="testEncryption" classname="com.sanjnan.server.test.TestEncryption" time="0.127"/>
  <testcase name="testEncryption" classname="com.sanjnan.server.test.TestEncryption" time="0.127"/>
  <testcase name="testEncryption" classname="com.sanjnan.server.test.TestEncryption" time="0.127"/>
  <testcase name="testEncryption" classname="com.sanjnan.server.test.TestEncryption" time="0.127"/>
  <testcase name="testEncryption" classname="com.sanjnan.server.test.TestEncryption" time="0.127"/>
  <testcase name="testEncryption" classname="com.sanjnan.server.test.TestEncryption" time="0.128"/>
  <testcase name="testEncryption" classname="com.sanjnan.server.test.TestEncryption" time="0.159"/>
  <testcase name="testEncryption" classname="com.sanjnan.server.test.TestEncryption" time="0.129"/>
  <testcase name="testEncryption" classname="com.sanjnan.server.test.TestEncryption" time="0.126"/>
  <testcase name="testEncryption" classname="com.sanjnan.server.test.TestEncryption" time="0.126"/>
  <testcase name="testEncryption" classname="com.sanjnan.server.test.TestEncryption" time="0.127"/>
  <testcase name="testEncryption" classname="com.sanjnan.server.test.TestEncryption" time="0.127"/>
  <testcase name="testEncryption" classname="com.sanjnan.server.test.TestEncryption" time="0.127"/>
  <testcase name="testEncryption" classname="com.sanjnan.server.test.TestEncryption" time="0.127"/>
  <testcase name="testEncryption" classname="com.sanjnan.server.test.TestEncryption" time="0.126"/>
  <testcase name="testEncryption" classname="com.sanjnan.server.test.TestEncryption" time="0.126"/>
  <testcase name="testEncryption" classname="com.sanjnan.server.test.TestEncryption" time="0.152"/>
  <testcase name="testEncryption" classname="com.sanjnan.server.test.TestEncryption" time="0.128"/>
  <testcase name="testEncryption" classname="com.sanjnan.server.test.TestEncryption" time="3.04"/>
  <testcase name="testEncryption" classname="com.sanjnan.server.test.TestEncryption" time="0.13"/>
  <testcase name="testEncryption" classname="com.sanjnan.server.test.TestEncryption" time="0.257"/>
  <testcase name="testEncryption" classname="com.sanjnan.server.test.TestEncryption" time="0.383"/>
  <testcase name="testEncryption" classname="com.sanjnan.server.test.TestEncryption" time="0.509"/>
  <testcase name="testEncryption" classname="com.sanjnan.server.test.TestEncryption" time="0.635"/>
  <testcase name="testEncryption" classname="com.sanjnan.server.test.TestEncryption" time="0.76"/>
  <testcase name="testEncryption" classname="com.sanjnan.server.test.TestEncryption" time="0.886"/>
  <testcase name="testEncryption" classname="com.sanjnan.server.test.TestEncryption" time="1.012"/>
  <testcase name="testEncryption" classname="com.sanjnan.server.test.TestEncryption" time="1.137"/>
  <testcase name="testEncryption" classname="com.sanjnan.server.test.TestEncryption" time="1.263"/>
  <testcase name="testEncryption" classname="com.sanjnan.server.test.TestEncryption" time="1.388"/>
  <testcase name="testEncryption" classname="com.sanjnan.server.test.TestEncryption" time="1.515"/>
  <testcase name="testEncryption" classname="com.sanjnan.server.test.TestEncryption" time="1.64"/>
  <testcase name="testEncryption" classname="com.sanjnan.server.test.TestEncryption" time="1.766"/>
  <testcase name="testEncryption" classname="com.sanjnan.server.test.TestEncryption" time="1.891"/>
  <testcase name="testEncryption" classname="com.sanjnan.server.test.TestEncryption" time="2.017"/>
  <testcase name="testEncryption" classname="com.sanjnan.server.test.TestEncryption" time="2.142"/>
  <testcase name="testEncryption" classname="com.sanjnan.server.test.TestEncryption" time="2.268"/>
  <testcase name="testEncryption" classname="com.sanjnan.server.test.TestEncryption" time="2.393"/>
  <testcase name="testEncryption" classname="com.sanjnan.server.test.TestEncryption" time="2.52"/>
  <testcase name="testEncryption" classname="com.sanjnan.server.test.TestEncryption" time="2.645"/>
  <testcase name="testEncryption" classname="com.sanjnan.server.test.TestEncryption" time="2.771"/>
  <testcase name="testEncryption" classname="com.sanjnan.server.test.TestEncryption" time="2.9"/>
  <testcase name="testEncryption" classname="com.sanjnan.server.test.TestEncryption" time="3.28"/>
  <testcase name="testEncryption" classname="com.sanjnan.server.test.TestEncryption" time="3.407"/>
</testsuite>