<?xml version="1.0" encoding="UTF-8"?>
<!-- Generated by org.testng.reporters.JUnitReportReporter -->
<testsuite hostname="vinaylinuxmain" name="com.sanjnan.server.test.TestEncryption" tests="50" failures="0" timestamp="21 May 2016 14:23:50 GMT" time="286.988" errors="0">
  <testcase name="testEncryption" time="5.068" classname="com.sanjnan.server.test.TestEncryption"/>
  <testcase name="testEncryption" time="4.051" classname="com.sanjnan.server.test.TestEncryption"/>
  <testcase name="testEncryption" time="3.407" classname="com.sanjnan.server.test.TestEncryption"/>
  <testcase name="testEncryption" time="6.097" classname="com.sanjnan.server.test.TestEncryption"/>
  <testcase name="testEncryption" time="6.105" classname="com.sanjnan.server.test.TestEncryption"/>
  <testcase name="testEncryption" time="6.146" classname="com.sanjnan.server.test.TestEncryption"/>
  <testcase name="testEncryption" time="6.092" classname="com.sanjnan.server.test.TestEncryption"/>
  <testcase name="testEncryption" time="6.140" classname="com.sanjnan.server.test.TestEncryption"/>
  <testcase name="testEncryption" time="4.560" classname="com.sanjnan.server.test.TestEncryption"/>
  <testcase name="testEncryption" time="6.141" classname="com.sanjnan.server.test.TestEncryption"/>
  <testcase name="testEncryption" time="5.195" classname="com.sanjnan.server.test.TestEncryption"/>
  <testcase name="testEncryption" time="6.093" classname="com.sanjnan.server.test.TestEncryption"/>
  <testcase name="testEncryption" time="6.150" classname="com.sanjnan.server.test.TestEncryption"/>
  <testcase name="testEncryption" time="5.610" classname="com.sanjnan.server.test.TestEncryption"/>
  <testcase name="testEncryption" time="6.144" classname="com.sanjnan.server.test.TestEncryption"/>
  <testcase name="testEncryption" time="6.100" classname="com.sanjnan.server.test.TestEncryption"/>
  <testcase name="testEncryption" time="6.116" classname="com.sanjnan.server.test.TestEncryption"/>
  <testcase name="testEncryption" time="6.776" classname="com.sanjnan.server.test.TestEncryption"/>
  <testcase name="testEncryption" time="6.100" classname="com.sanjnan.server.test.TestEncryption"/>
  <testcase name="testEncryption" time="6.093" classname="com.sanjnan.server.test.TestEncryption"/>
  <testcase name="testEncryption" time="6.147" classname="com.sanjnan.server.test.TestEncryption"/>
  <testcase name="testEncryption" time="6.149" classname="com.sanjnan.server.test.TestEncryption"/>
  <testcase name="testEncryption" time="6.095" classname="com.sanjnan.server.test.TestEncryption"/>
  <testcase name="testEncryption" time="6.068" classname="com.sanjnan.server.test.TestEncryption"/>
  <testcase name="testEncryption" time="5.861" classname="com.sanjnan.server.test.TestEncryption"/>
  <testcase name="testEncryption" time="9.819" classname="com.sanjnan.server.test.TestEncryption"/>
  <testcase name="testEncryption" time="6.372" classname="com.sanjnan.server.test.TestEncryption"/>
  <testcase name="testEncryption" time="6.499" classname="com.sanjnan.server.test.TestEncryption"/>
  <testcase name="testEncryption" time="6.139" classname="com.sanjnan.server.test.TestEncryption"/>
  <testcase name="testEncryption" time="3.794" classname="com.sanjnan.server.test.TestEncryption"/>
  <testcase name="testEncryption" time="6.101" classname="com.sanjnan.server.test.TestEncryption"/>
  <testcase name="testEncryption" time="6.651" classname="com.sanjnan.server.test.TestEncryption"/>
  <testcase name="testEncryption" time="4.178" classname="com.sanjnan.server.test.TestEncryption"/>
  <testcase name="testEncryption" time="6.152" classname="com.sanjnan.server.test.TestEncryption"/>
  <testcase name="testEncryption" time="6.143" classname="com.sanjnan.server.test.TestEncryption"/>
  <testcase name="testEncryption" time="5.737" classname="com.sanjnan.server.test.TestEncryption"/>
  <testcase name="testEncryption" time="6.245" classname="com.sanjnan.server.test.TestEncryption"/>
  <testcase name="testEncryption" time="5.991" classname="com.sanjnan.server.test.TestEncryption"/>
  <testcase name="testEncryption" time="6.098" classname="com.sanjnan.server.test.TestEncryption"/>
  <testcase name="testEncryption" time="5.484" classname="com.sanjnan.server.test.TestEncryption"/>
  <testcase name="testEncryption" time="6.321" classname="com.sanjnan.server.test.TestEncryption"/>
  <testcase name="testEncryption" time="5.355" classname="com.sanjnan.server.test.TestEncryption"/>
  <testcase name="testEncryption" time="4.939" classname="com.sanjnan.server.test.TestEncryption"/>
  <testcase name="testEncryption" time="4.687" classname="com.sanjnan.server.test.TestEncryption"/>
  <testcase name="testEncryption" time="3.921" classname="com.sanjnan.server.test.TestEncryption"/>
  <testcase name="testEncryption" time="6.153" classname="com.sanjnan.server.test.TestEncryption"/>
  <testcase name="testEncryption" time="4.432" classname="com.sanjnan.server.test.TestEncryption"/>
  <testcase name="testEncryption" time="4.814" classname="com.sanjnan.server.test.TestEncryption"/>
  <testcase name="testEncryption" time="4.306" classname="com.sanjnan.server.test.TestEncryption"/>
  <testcase name="testEncryption" time="6.153" classname="com.sanjnan.server.test.TestEncryption"/>
</testsuite> <!-- com.sanjnan.server.test.TestEncryption -->
